Steady - eBird API 2.0 v1.0.0

Loaded: 25/25 endpoints (25ms)
Ready to accept requests on http://127.0.0.1:4010 (reject-on-sdk-error)

[4:27:14 PM] GET /data/obs/geo/recent/notable?lat=-90&lng=-180&back=14&detail=simple&dist=25&hotspot=false&maxResults=10000&sppLocale=en → 200 OK (3ms) [4 bytes]
[4:27:14 PM] GET /data/obs/geo/recent/notable?lat=-90&lng=-180&back=1&detail=simple&dist=0&hotspot=true&maxResults=1&sppLocale=sppLocale → 200 OK (0ms) [4 bytes]
[4:27:14 PM] GET /data/obs/geo/recent/speciesCode?lat=-90&lng=-180&back=14&dist=25&hotspot=false&includeProvisional=false&maxResults=10000&sppLocale=en → 200 OK (1ms) [4 bytes]
[4:27:14 PM] GET /data/obs/geo/recent/speciesCode?lat=-90&lng=-180&back=1&dist=0&hotspot=true&includeProvisional=true&maxResults=1&sppLocale=sppLocale → 200 OK (0ms) [4 bytes]
[4:27:14 PM] GET /data/obs/geo/recent?lat=-90&lng=-180&back=14&dist=25&hotspot=false&includeProvisional=false&maxResults=10000&sort=date&sppLocale=en → 200 OK (0ms) [834 bytes]
[4:27:14 PM] GET /data/obs/geo/recent?lat=-90&lng=-180&back=1&cat=species&dist=0&hotspot=true&includeProvisional=true&maxResults=1&sort=date&sppLocale=sppLocale → 200 OK (0ms) [834 bytes]
[4:27:14 PM] GET /data/nearest/geo/recent/speciesCode?lat=-90&lng=-180&back=14&dist=50&hotspot=false&includeProvisional=false&maxResults=3000&sppLocale=en → 200 OK (0ms) [4 bytes]
[4:27:14 PM] GET /data/nearest/geo/recent/speciesCode?lat=-90&lng=-180&back=1&dist=0&hotspot=true&includeProvisional=true&maxResults=1&sppLocale=sppLocale → 200 OK (0ms) [4 bytes]
[4:27:14 PM] GET /data/obs/regionCode/historic/0/1/1?detail=simple&hotspot=false&includeProvisional=false&maxResults=10000&rank=mrec&sppLocale=en → 200 OK (1ms) [4 bytes]
[4:27:14 PM] GET /data/obs/regionCode/historic/0/1/1?cat=species&detail=simple&hotspot=true&includeProvisional=true&maxResults=1&r%5B0%5D=string&rank=mrec&sppLocale=sppLocale → 400 Bad Request (0ms)
           ✗ E3014 query.r[0]: Query parameter "r[0]" looks like a serialization of "r" - check the encoding format [SDK Issue 70%]
[4:27:14 PM] GET /data/obs/regionCode/recent/notable?back=14&detail=simple&hotspot=false&maxResults=10000&sppLocale=en → 200 OK (0ms) [1974 bytes]
[4:27:14 PM] GET /data/obs/regionCode/recent/speciesCode?back=14&hotspot=false&includeProvisional=false&maxResults=10000&sppLocale=en → 200 OK (0ms) [558 bytes]
[4:27:14 PM] GET /data/obs/regionCode/recent/speciesCode?back=1&hotspot=true&includeProvisional=true&maxResults=1&r%5B0%5D=string&sppLocale=sppLocale → 400 Bad Request (0ms)
           ✗ E3014 query.r[0]: Query parameter "r[0]" looks like a serialization of "r" - check the encoding format [SDK Issue 70%]
[4:27:14 PM] GET /data/obs/regionCode/recent?back=14&hotspot=false&includeProvisional=false&maxResults=10000&sppLocale=en → 200 OK (0ms) [16717 bytes]
[4:27:14 PM] GET /product/checklist/view/subId → 200 OK (0ms) [1212 bytes]
[4:27:14 PM] GET /product/lists/regionCode/0/1/1?maxResults=10&sortKey=obs_dt → 200 OK (0ms) [4 bytes]
[4:27:14 PM] GET /product/lists/regionCode/0/1/1?maxResults=1&sortKey=obs_dt → 200 OK (0ms) [4 bytes]
[4:27:14 PM] GET /product/lists/regionCode?maxResults=10 → 200 OK (0ms) [4 bytes]
[4:27:14 PM] GET /product/spplist/regionCode → 200 OK (0ms) [11 bytes]
[4:27:14 PM] GET /product/stats/regionCode/0/1/1 → 200 OK (0ms) [2 bytes]
[4:27:14 PM] GET /product/stats/regionCode/0/1/1 → 200 OK (0ms) [2 bytes]
[4:27:14 PM] GET /product/top100/regionCode/0/1/1?maxResults=100&rankedBy=spp → 200 OK (0ms) [4 bytes]
[4:27:14 PM] GET /product/top100/regionCode/0/1/1?maxResults=1&rankedBy=spp → 200 OK (0ms) [4 bytes]
[4:27:14 PM] GET /ref/hotspot/geo?lat=-90&lng=-180&dist=25&fmt=json → 200 OK (0ms) [4 bytes]
[4:27:14 PM] GET /ref/hotspot/geo?lat=-90&lng=-180&back=1&dist=0&fmt=csv → 200 OK (0ms) [4 bytes]
[4:27:14 PM] GET /ref/hotspot/info/locId → 200 OK (0ms) [328 bytes]
[4:27:14 PM] GET /ref/hotspot/regionCode?fmt=json → 200 OK (0ms) [4 bytes]
[4:27:14 PM] GET /ref/adjacent/regionCode → 200 OK (0ms) [222 bytes]
[4:27:14 PM] GET /ref/region/info/regionCode?delim=%2C%20&regionNameFormat=full → 200 OK (0ms) [101 bytes]
[4:27:14 PM] GET /ref/region/list/regionType/parentRegionCode?fmt=json → 200 OK (0ms) [644 bytes]
[4:27:14 PM] GET /ref/region/list/regionType/parentRegionCode?fmt=csv → 200 OK (0ms) [644 bytes]
[4:27:14 PM] GET /ref/taxonomy/ebird?fmt=csv&locale=en&version=latest → 200 OK (0ms) [4 bytes]
[4:27:14 PM] GET /ref/taxon/forms/speciesCode → 200 OK (0ms) [40 bytes]
[4:27:14 PM] GET /ref/taxa-locales/ebird → 200 OK (0ms) [4 bytes]
[4:27:14 PM] GET /ref/sppgroup/merlin?groupNameLocale=en → 200 OK (0ms) [253 bytes]
[4:27:14 PM] GET /ref/taxonomy/versions → 200 OK (0ms) [480 bytes]
